<?xml version="1.0" encoding="UTF-8"?>
<testsuite xmlns:xsi="http://www.w3.org/2001/XMLSchema-instance" xsi:noNamespaceSchemaLocation="https://maven.apache.org/surefire/maven-surefire-plugin/xsd/surefire-test-report.xsd" name="com.authorizationservice.authorization.model.AuthenticationRequestTest" time="0.472" tests="4" errors="0" skipped="0" failures="0">
  <properties>
[...]
</properties>
  <testcase name="authenticationRequestNotNullTest" classname="com.authorizationservice.authorization.model.AuthenticationRequestTest" time="0.27"/>
  <testcase name="testUserTokenBean" classname="com.authorizationservice.authorization.model.AuthenticationRequestTest" time="0.168"/>
  <testcase name="testUserLoginAllArgs" classname="com.authorizationservice.authorization.model.AuthenticationRequestTest" time="0"/>
  <testcase name="testUserLoginBean" classname="com.authorizationservice.authorization.model.AuthenticationRequestTest" time="0.031"/>
</testsuite>