-------------------------------------------------------------------------------
Test set: com.policy.microservice.controller.PolicyMicroserviceControllerTest
-------------------------------------------------------------------------------
Tests run: 1, Failures: 1, Errors: 0, Skipped: 0, Time elapsed: 2.186 sec <<< FAILURE! - in com.policy.microservice.controller.PolicyMicroserviceControllerTest
com.policy.microservice.controller.PolicyMicroserviceControllerTest.testgetChainOfProviders()  Time elapsed: 2.181 sec  <<< FAILURE!
java.lang.NullPointerException: Cannot invoke "com.policy.microservice.feign.AuthClient.getsValidity(String)" because "this.authClient" is null
	at com.policy.microservice.controller.PolicyMicroserviceControllerTest.testgetChainOfProviders(PolicyMicroserviceControllerTest.java:71)

